<?xml version="1.0" encoding="UTF-8"?>
<!-- Generated by org.testng.reporters.JUnitXMLReporter -->
<testsuite ignored="0" hostname="Karthick" failures="0" tests="4" name="OrangeHRM Functionality Tests" time="37.097" errors="0" timestamp="2024-11-29T23:57:29 IST">
  <testcase classname="tests.LoginTest" name="invalidLoginTest" time="5.844"/>
  <testcase classname="tests.LoginTest" name="validLoginTest" time="6.47"/>
  <testcase classname="tests.DashboardTest" name="verifyLogoutFunctionality" time="9.176"/>
  <testcase classname="tests.DataImportTest" name="verifyDataImportFunctionality" time="10.197"/>
</testsuite> <!-- OrangeHRM Functionality Tests -->
