<?xml version="1.0" encoding="UTF-8"?>
<!-- Generated by org.testng.reporters.JUnitXMLReporter -->
<testsuite ignored="0" hostname="Karthick" failures="0" tests="4" name="OrangeHRM Functionality Tests" time="49.026" errors="0" timestamp="2024-11-29T19:58:49 IST">
  <testcase classname="tests.LoginTest" name="invalidLoginTest" time="8.796"/>
  <testcase classname="tests.LoginTest" name="validLoginTest" time="7.374"/>
  <testcase classname="tests.DashboardTest" name="verifyLogoutFunctionality" time="11.331"/>
  <testcase classname="tests.DataImportTest" name="verifyDataImportFunctionality" time="13.518"/>
</testsuite> <!-- OrangeHRM Functionality Tests -->
