<?xml version="1.0" encoding="UTF-8"?>
<testng-results ignored="0" total="4" passed="4" failed="0" skipped="0">
  <reporter-output>
  </reporter-output>
  <suite started-at="2024-11-29T19:58:00 IST" name="OrangeHRM Test Suite" finished-at="2024-11-29T19:58:49 IST" duration-ms="49026">
    <groups>
    </groups>
    <test started-at="2024-11-29T19:58:00 IST" name="OrangeHRM Functionality Tests" finished-at="2024-11-29T19:58:49 IST" duration-ms="49026">
      <class name="tests.LoginTest">
        <test-method is-config="true" signature="setUp()[pri:0, instance:tests.LoginTest@55f616cf]" started-at="2024-11-29T19:58:00 IST" name="setUp" finished-at="2024-11-29T19:58:02 IST" duration-ms="1807" status="PASS">
          <reporter-output>
          </reporter-output>
        </test-method> <!-- setUp -->
        <test-method signature="invalidLoginTest()[pri:0, instance:tests.LoginTest@55f616cf]" started-at="2024-11-29T19:58:02 IST" name="invalidLoginTest" finished-at="2024-11-29T19:58:11 IST" duration-ms="8796" status="PASS">
          <reporter-output>
          </reporter-output>
        </test-method> <!-- invalidLoginTest -->
        <test-method is-config="true" signature="tearDown()[pri:0, instance:tests.LoginTest@55f616cf]" started-at="2024-11-29T19:58:11 IST" name="tearDown" finished-at="2024-11-29T19:58:11 IST" duration-ms="408" status="PASS">
          <reporter-output>
          </reporter-output>
        </test-method> <!-- tearDown -->
        <test-method is-config="true" signature="setUp()[pri:0, instance:tests.LoginTest@55f616cf]" started-at="2024-11-29T19:58:11 IST" name="setUp" finished-at="2024-11-29T19:58:12 IST" duration-ms="1031" status="PASS">
          <reporter-output>
          </reporter-output>
        </test-method> <!-- setUp -->
        <test-method signature="validLoginTest()[pri:0, instance:tests.LoginTest@55f616cf]" started-at="2024-11-29T19:58:12 IST" name="validLoginTest" finished-at="2024-11-29T19:58:20 IST" duration-ms="7374" status="PASS">
          <reporter-output>
          </reporter-output>
        </test-method> <!-- validLoginTest -->
        <test-method is-config="true" signature="tearDown()[pri:0, instance:tests.LoginTest@55f616cf]" started-at="2024-11-29T19:58:20 IST" name="tearDown" finished-at="2024-11-29T19:58:20 IST" duration-ms="288" status="PASS">
          <reporter-output>
          </reporter-output>
        </test-method> <!-- tearDown -->
      </class> <!-- tests.LoginTest -->
      <class name="tests.DataImportTest">
        <test-method is-config="true" signature="setUp()[pri:0, instance:tests.DataImportTest@73ee04c8]" started-at="2024-11-29T19:58:34 IST" name="setUp" finished-at="2024-11-29T19:58:35 IST" duration-ms="1120" status="PASS">
          <reporter-output>
          </reporter-output>
        </test-method> <!-- setUp -->
        <test-method signature="verifyDataImportFunctionality()[pri:0, instance:tests.DataImportTest@73ee04c8]" started-at="2024-11-29T19:58:35 IST" name="verifyDataImportFunctionality" finished-at="2024-11-29T19:58:49 IST" duration-ms="13518" status="PASS">
          <reporter-output>
          </reporter-output>
        </test-method> <!-- verifyDataImportFunctionality -->
        <test-method is-config="true" signature="tearDown()[pri:0, instance:tests.DataImportTest@73ee04c8]" started-at="2024-11-29T19:58:49 IST" name="tearDown" finished-at="2024-11-29T19:58:49 IST" duration-ms="346" status="PASS">
          <reporter-output>
          </reporter-output>
        </test-method> <!-- tearDown -->
      </class> <!-- tests.DataImportTest -->
      <class name="tests.DashboardTest">
        <test-method is-config="true" signature="setUp()[pri:0, instance:tests.DashboardTest@61386958]" started-at="2024-11-29T19:58:20 IST" name="setUp" finished-at="2024-11-29T19:58:21 IST" duration-ms="1111" status="PASS">
          <reporter-output>
          </reporter-output>
        </test-method> <!-- setUp -->
        <test-method signature="verifyLogoutFunctionality()[pri:0, instance:tests.DashboardTest@61386958]" started-at="2024-11-29T19:58:21 IST" name="verifyLogoutFunctionality" finished-at="2024-11-29T19:58:32 IST" duration-ms="11331" status="PASS">
          <reporter-output>
          </reporter-output>
        </test-method> <!-- verifyLogoutFunctionality -->
        <test-method is-config="true" signature="tearDown()[pri:0, instance:tests.DashboardTest@61386958]" started-at="2024-11-29T19:58:32 IST" name="tearDown" finished-at="2024-11-29T19:58:34 IST" duration-ms="1805" status="PASS">
          <reporter-output>
          </reporter-output>
        </test-method> <!-- tearDown -->
      </class> <!-- tests.DashboardTest -->
    </test> <!-- OrangeHRM Functionality Tests -->
  </suite> <!-- OrangeHRM Test Suite -->
</testng-results>
